<?xml version="1.0" encoding="UTF-8"?>
<!-- Generated by org.testng.reporters.JUnitXMLReporter -->
<testsuite ignored="1" hostname="LAPTOP-HQBDKGDN" failures="1" tests="2" name="Default test(failed)" time="33.47" errors="0" timestamp="2021-11-04T15:35:43 IST">
  <testcase classname="com.crm.qa.tests.LoginPageTest" name="loginPageTitleTest" time="0.022"/>
  <testcase classname="com.crm.qa.tests.LoginPageTest" name="loginPageLoginTest" time="15.471">
    <failure type="java.lang.AssertionError" message="expected [true] but found [false]">
      <![CDATA[java.lang.AssertionError: expected [true] but found [false]
at com.crm.qa.tests.LoginPageTest.loginPageLoginTest(LoginPageTest.java:53)
at java.base/java.util.ArrayList.forEach(ArrayList.java:1511)
... Removed 31 stack frames]]>
    </failure>
  </testcase> <!-- loginPageLoginTest -->
  <testcase classname="com.crm.qa.tests.LoginPageTest" name="loginPageLogoTest" time="0.0">
    <ignored/>
  </testcase> <!-- loginPageLogoTest -->
</testsuite> <!-- Default test(failed) -->
