<?xml version="1.0" encoding="UTF-8"?>
<!-- Generated by org.testng.reporters.JUnitXMLReporter -->
<testsuite ignored="2" hostname="LAPTOP-HQBDKGDN" failures="1" tests="1" name="End to End testing(failed)" time="6.326" errors="0" timestamp="2021-11-10T19:41:16 IST">
  <testcase classname="com.crm.qa.tests.LoginPageTest" name="loginPageLogoTest" time="0.025">
    <failure type="java.lang.AssertionError" message="expected [true] but found [false]">
      <![CDATA[java.lang.AssertionError: expected [true] but found [false]
at com.crm.qa.tests.LoginPageTest.loginPageLogoTest(LoginPageTest.java:57)
at java.base/java.util.ArrayList.forEach(ArrayList.java:1511)
at com.crm.qa.tests.FailedTestCases.failedMethods(FailedTestCases.java:16)
at java.base/java.util.ArrayList.forEach(ArrayList.java:1511)
... Removed 59 stack frames]]>
    </failure>
  </testcase> <!-- loginPageLogoTest -->
  <testcase classname="com.crm.qa.tests.LoginPageTest" name="loginPageTitleTest" time="0.0">
    <ignored/>
  </testcase> <!-- loginPageTitleTest -->
  <testcase classname="com.crm.qa.tests.LoginPageTest" name="loginPageLoginTest" time="0.0">
    <ignored/>
  </testcase> <!-- loginPageLoginTest -->
</testsuite> <!-- End to End testing(failed) -->
