<?xml version="1.0" encoding="UTF-8"?>
<!-- Generated by org.testng.reporters.JUnitXMLReporter -->
<testsuite ignored="0" hostname="LAPTOP-HQBDKGDN" failures="3" tests="11" name="End to End testing" time="119.445" errors="0" timestamp="2021-11-26T13:16:36 IST">
  <testcase classname="com.crm.qa.tests.ContactsPageTest" name="@BeforeMethod setup" time="54.218">
    <failure type="org.openqa.selenium.NoSuchFrameException" message="No frame element found by name or id mainpanel
Build info: version: &amp;apos;4.0.0&amp;apos;, revision: &amp;apos;3a21814679&amp;apos;
System info: host: &amp;apos;LAPTOP-HQBDKGDN&amp;apos;, ip: &amp;apos;192.168.150.102&amp;apos;, os.name: &amp;apos;Windows 10&amp;apos;, os.arch: &amp;apos;amd64&amp;apos;, os.version: &amp;apos;10.0&amp;apos;, java.version: &amp;apos;16.0.2&amp;apos;
Driver info: driver.version: unknown">
      <![CDATA[org.openqa.selenium.NoSuchFrameException: No frame element found by name or id mainpanel
Build info: version: '4.0.0', revision: '3a21814679'
System info: host: 'LAPTOP-HQBDKGDN', ip: '192.168.150.102', os.name: 'Windows 10', os.arch: 'amd64', os.version: '10.0', java.version: '16.0.2'
Driver info: driver.version: unknown
at org.openqa.selenium.remote.RemoteWebDriver$RemoteTargetLocator.frame(RemoteWebDriver.java:989)
at com.crm.qa.util.TestUtil.switchToFrame(TestUtil.java:23)
at com.crm.qa.tests.ContactsPageTest.setup(ContactsPageTest.java:42)
at java.base/java.util.concurrent.ThreadPoolExecutor.runWorker(ThreadPoolExecutor.java:1130)
at java.base/java.util.concurrent.ThreadPoolExecutor$Worker.run(ThreadPoolExecutor.java:630)
at java.base/java.lang.Thread.run(Thread.java:831)
... Removed 16 stack frames]]>
    </failure>
  </testcase> <!-- @BeforeMethod setup -->
  <testcase classname="com.crm.qa.tests.ContactsPageTest" name="@AfterMethod tearDown" time="-1.63791273099E9">
    <skipped/>
  </testcase> <!-- @AfterMethod tearDown -->
  <testcase classname="com.crm.qa.tests.ContactsPageTest" name="@BeforeMethod setup" time="34.283">
    <failure type="org.openqa.selenium.NoSuchFrameException" message="No frame element found by name or id mainpanel
Build info: version: &amp;apos;4.0.0&amp;apos;, revision: &amp;apos;3a21814679&amp;apos;
System info: host: &amp;apos;LAPTOP-HQBDKGDN&amp;apos;, ip: &amp;apos;192.168.150.102&amp;apos;, os.name: &amp;apos;Windows 10&amp;apos;, os.arch: &amp;apos;amd64&amp;apos;, os.version: &amp;apos;10.0&amp;apos;, java.version: &amp;apos;16.0.2&amp;apos;
Driver info: driver.version: unknown">
      <![CDATA[org.openqa.selenium.NoSuchFrameException: No frame element found by name or id mainpanel
Build info: version: '4.0.0', revision: '3a21814679'
System info: host: 'LAPTOP-HQBDKGDN', ip: '192.168.150.102', os.name: 'Windows 10', os.arch: 'amd64', os.version: '10.0', java.version: '16.0.2'
Driver info: driver.version: unknown
at org.openqa.selenium.remote.RemoteWebDriver$RemoteTargetLocator.frame(RemoteWebDriver.java:989)
at com.crm.qa.util.TestUtil.switchToFrame(TestUtil.java:23)
at com.crm.qa.tests.ContactsPageTest.setup(ContactsPageTest.java:42)
at java.base/java.util.concurrent.ThreadPoolExecutor.runWorker(ThreadPoolExecutor.java:1130)
at java.base/java.util.concurrent.ThreadPoolExecutor$Worker.run(ThreadPoolExecutor.java:630)
at java.base/java.lang.Thread.run(Thread.java:831)
... Removed 16 stack frames]]>
    </failure>
  </testcase> <!-- @BeforeMethod setup -->
  <testcase classname="com.crm.qa.tests.ContactsPageTest" name="@AfterMethod tearDown" time="-1.637912744264E9">
    <skipped/>
  </testcase> <!-- @AfterMethod tearDown -->
  <testcase classname="com.crm.qa.tests.ContactsPageTest" name="@BeforeMethod setup" time="-1.637912744264E9">
    <skipped/>
  </testcase> <!-- @BeforeMethod setup -->
  <testcase classname="com.crm.qa.tests.ContactsPageTest" name="@AfterMethod tearDown" time="-1.637912744265E9">
    <skipped/>
  </testcase> <!-- @AfterMethod tearDown -->
  <testcase classname="com.crm.qa.tests.LoginPageTest" name="loginPageTitleTest" time="0.023"/>
  <testcase classname="com.crm.qa.tests.LoginPageTest" name="loginPageLogoTest" time="0.052"/>
  <testcase classname="com.crm.qa.tests.HomePageTest" name="verifyHomePageTitle" time="0.023">
    <skipped/>
  </testcase> <!-- verifyHomePageTitle -->
  <testcase classname="com.crm.qa.tests.HomePageTest" name="verifyHomePageTitle" time="0.019">
    <failure type="java.lang.AssertionError" message="Title doen&amp;apos;t match expected [CRMPRO] but found [Free CRM - CRM software for customer relationship management, sales, and support.]">
      <![CDATA[java.lang.AssertionError: Title doen't match expected [CRMPRO] but found [Free CRM - CRM software for customer relationship management, sales, and support.]
at com.crm.qa.tests.HomePageTest.verifyHomePageTitle(HomePageTest.java:50)
at java.base/java.util.concurrent.ThreadPoolExecutor.runWorker(ThreadPoolExecutor.java:1130)
at java.base/java.util.concurrent.ThreadPoolExecutor$Worker.run(ThreadPoolExecutor.java:630)
at java.base/java.lang.Thread.run(Thread.java:831)
... Removed 17 stack frames]]>
    </failure>
  </testcase> <!-- verifyHomePageTitle -->
  <testcase classname="com.crm.qa.tests.HomePageTest" name="clickOnContactsLink" time="20.024">
    <skipped/>
  </testcase> <!-- clickOnContactsLink -->
  <testcase classname="com.crm.qa.tests.ContactsPageTest" name="verifySelectContactsByName" time="0.0">
    <skipped/>
  </testcase> <!-- verifySelectContactsByName -->
  <testcase classname="com.crm.qa.tests.ContactsPageTest" name="verifyCreateNewContact" time="0.0">
    <skipped/>
  </testcase> <!-- verifyCreateNewContact -->
  <testcase classname="com.crm.qa.tests.ContactsPageTest" name="verifyCreateNewContact" time="0.0">
    <skipped/>
  </testcase> <!-- verifyCreateNewContact -->
  <testcase classname="com.crm.qa.tests.LoginPageTest" name="loginPageLoginTest" time="26.359">
    <skipped/>
  </testcase> <!-- loginPageLoginTest -->
  <testcase classname="com.crm.qa.tests.HomePageTest" name="clickOnContactsLink" time="20.094">
    <failure type="org.openqa.selenium.NoSuchFrameException" message="No frame element found by name or id mainpanel
Build info: version: &amp;apos;4.0.0&amp;apos;, revision: &amp;apos;3a21814679&amp;apos;
System info: host: &amp;apos;LAPTOP-HQBDKGDN&amp;apos;, ip: &amp;apos;192.168.150.102&amp;apos;, os.name: &amp;apos;Windows 10&amp;apos;, os.arch: &amp;apos;amd64&amp;apos;, os.version: &amp;apos;10.0&amp;apos;, java.version: &amp;apos;16.0.2&amp;apos;
Driver info: driver.version: unknown">
      <![CDATA[org.openqa.selenium.NoSuchFrameException: No frame element found by name or id mainpanel
Build info: version: '4.0.0', revision: '3a21814679'
System info: host: 'LAPTOP-HQBDKGDN', ip: '192.168.150.102', os.name: 'Windows 10', os.arch: 'amd64', os.version: '10.0', java.version: '16.0.2'
Driver info: driver.version: unknown
at org.openqa.selenium.remote.RemoteWebDriver$RemoteTargetLocator.frame(RemoteWebDriver.java:989)
at com.crm.qa.util.TestUtil.switchToFrame(TestUtil.java:23)
at com.crm.qa.tests.HomePageTest.clickOnContactsLink(HomePageTest.java:56)
at java.base/java.util.concurrent.ThreadPoolExecutor.runWorker(ThreadPoolExecutor.java:1130)
at java.base/java.util.concurrent.ThreadPoolExecutor$Worker.run(ThreadPoolExecutor.java:630)
at java.base/java.lang.Thread.run(Thread.java:831)
... Removed 12 stack frames]]>
    </failure>
  </testcase> <!-- clickOnContactsLink -->
  <testcase classname="com.crm.qa.tests.LoginPageTest" name="loginPageLoginTest" time="26.329">
    <failure type="org.openqa.selenium.NoSuchFrameException" message="No frame element found by name or id mainpanel
Build info: version: &amp;apos;4.0.0&amp;apos;, revision: &amp;apos;3a21814679&amp;apos;
System info: host: &amp;apos;LAPTOP-HQBDKGDN&amp;apos;, ip: &amp;apos;192.168.150.102&amp;apos;, os.name: &amp;apos;Windows 10&amp;apos;, os.arch: &amp;apos;amd64&amp;apos;, os.version: &amp;apos;10.0&amp;apos;, java.version: &amp;apos;16.0.2&amp;apos;
Driver info: driver.version: unknown">
      <![CDATA[org.openqa.selenium.NoSuchFrameException: No frame element found by name or id mainpanel
Build info: version: '4.0.0', revision: '3a21814679'
System info: host: 'LAPTOP-HQBDKGDN', ip: '192.168.150.102', os.name: 'Windows 10', os.arch: 'amd64', os.version: '10.0', java.version: '16.0.2'
Driver info: driver.version: unknown
at org.openqa.selenium.remote.RemoteWebDriver$RemoteTargetLocator.frame(RemoteWebDriver.java:989)
at com.crm.qa.util.TestUtil.switchToFrame(TestUtil.java:23)
at com.crm.qa.tests.LoginPageTest.loginPageLoginTest(LoginPageTest.java:68)
at java.base/java.util.concurrent.ThreadPoolExecutor.runWorker(ThreadPoolExecutor.java:1130)
at java.base/java.util.concurrent.ThreadPoolExecutor$Worker.run(ThreadPoolExecutor.java:630)
at java.base/java.lang.Thread.run(Thread.java:831)
... Removed 12 stack frames]]>
    </failure>
  </testcase> <!-- loginPageLoginTest -->
</testsuite> <!-- End to End testing -->
