<?xml version="1.0" encoding="UTF-8"?>
<!-- Generated by org.testng.reporters.JUnitReportReporter -->
<testsuite hostname="LAPTOP-HQBDKGDN" failures="1" tests="4" name="com.crm.qa.tests.HomePageTest" time="84.337" errors="0" timestamp="2021-11-12T13:46:26 IST" skipped="2">
  <testcase classname="com.crm.qa.tests.HomePageTest" name="verifyHomePageTitle" time="17.491"/>
  <system-out/>
  <testcase classname="com.crm.qa.tests.HomePageTest" name="clickOnContactsLink" time="13.545">
    <skipped/>
  </testcase> <!-- clickOnContactsLink -->
  <system-out/>
  <testcase classname="com.crm.qa.tests.HomePageTest" name="clickOnContactsLink" time="34.264">
    <skipped/>
  </testcase> <!-- clickOnContactsLink -->
  <system-out/>
  <testcase classname="com.crm.qa.tests.HomePageTest" name="clickOnContactsLink" time="19.037">
    <failure message="expected [true] but found [false]" type="java.lang.AssertionError">
      <![CDATA[java.lang.AssertionError: expected [true] but found [false]
at org.testng.Assert.fail(Assert.java:99)
at org.testng.Assert.failNotEquals(Assert.java:1037)
at org.testng.Assert.assertTrue(Assert.java:45)
at org.testng.Assert.assertTrue(Assert.java:55)
at com.crm.qa.tests.HomePageTest.clickOnContactsLink(HomePageTest.java:58)
at java.base/jdk.internal.reflect.NativeMethodAccessorImpl.invoke0(Native Method)
at java.base/jdk.internal.reflect.NativeMethodAccessorImpl.invoke(NativeMethodAccessorImpl.java:78)
at java.base/jdk.internal.reflect.DelegatingMethodAccessorImpl.invoke(DelegatingMethodAccessorImpl.java:43)
at java.base/java.lang.reflect.Method.invoke(Method.java:567)
at org.testng.internal.MethodInvocationHelper.invokeMethod(MethodInvocationHelper.java:133)
at org.testng.internal.TestInvoker.invokeMethod(TestInvoker.java:598)
at org.testng.internal.TestInvoker.retryFailed(TestInvoker.java:213)
at org.testng.internal.MethodRunner.runInSequence(MethodRunner.java:58)
at org.testng.internal.TestInvoker$MethodInvocationAgent.invoke(TestInvoker.java:824)
at org.testng.internal.TestInvoker.invokeTestMethods(TestInvoker.java:146)
at org.testng.internal.TestMethodWorker.invokeTestMethods(TestMethodWorker.java:146)
at org.testng.internal.TestMethodWorker.run(TestMethodWorker.java:128)
at java.base/java.util.concurrent.ThreadPoolExecutor.runWorker(ThreadPoolExecutor.java:1130)
at java.base/java.util.concurrent.ThreadPoolExecutor$Worker.run(ThreadPoolExecutor.java:630)
at java.base/java.lang.Thread.run(Thread.java:831)
]]>
    </failure>
  </testcase> <!-- clickOnContactsLink -->
  <system-out/>
</testsuite> <!-- com.crm.qa.tests.HomePageTest -->
